<?xml version="1.0" encoding="UTF-8"?>
<!-- Generated by org.testng.reporters.JUnitReportReporter -->
<testsuite hostname="DESKTOP-9GE1TC7" failures="0" tests="2" name="demo.Priority" time="0.014" errors="0" timestamp="2022-09-22T20:53:04 IST" skipped="0">
  <testcase classname="demo.Priority" name="H" time="0.012"/>
  <system-out/>
  <testcase classname="demo.Priority" name="G" time="0.002"/>
  <system-out/>
</testsuite> <!-- demo.Priority -->
