<?xml version="1.0" encoding="UTF-8"?>
<!-- Generated by org.testng.reporters.JUnitReportReporter -->
<testsuite hostname="DESKTOP-9GE1TC7" failures="0" tests="4" name="demo.DataProviders" time="0.022" errors="0" timestamp="2022-09-22T19:49:23 IST" skipped="0">
  <testcase classname="demo.DataProviders" name="myTest" time="0.002"/>
  <system-out/>
  <testcase classname="demo.DataProviders" name="login" time="0.017"/>
  <system-out/>
  <testcase classname="demo.DataProviders" name="login" time="0.001"/>
  <system-out/>
  <testcase classname="demo.DataProviders" name="myTest" time="0.002"/>
  <system-out/>
</testsuite> <!-- demo.DataProviders -->
