<?xml version="1.0" encoding="UTF-8"?>
<!-- Generated by org.testng.reporters.JUnitReportReporter -->
<testsuite hostname="DESKTOP-9GE1TC7" failures="0" tests="1" name="demo.Listeners" time="0.006" errors="0" timestamp="2022-09-22T20:14:44 IST" skipped="0">
  <testcase classname="demo.Listeners" name="print" time="0.006"/>
  <system-out/>
</testsuite> <!-- demo.Listeners -->
