<?xml version="1.0" encoding="UTF-8"?>
<!-- Generated by org.testng.reporters.JUnitReportReporter -->
<testsuite hostname="DESKTOP-9GE1TC7" failures="0" tests="1" name="demo.First" time="0.002" errors="0" timestamp="2023-01-09T12:58:45 IST" skipped="0">
  <testcase classname="demo.First" name="checkSearch" time="0.002"/>
  <system-out/>
</testsuite> <!-- demo.First -->
