<?xml version="1.0" encoding="UTF-8"?>
<!-- Generated by org.testng.reporters.JUnitReportReporter -->
<testsuite hostname="DESKTOP-9GE1TC7" failures="0" tests="2" name="demo.Groups" time="0.008" errors="0" timestamp="2022-09-21T20:47:49 IST" skipped="0">
  <testcase classname="demo.Groups" name="B" time="0.001"/>
  <system-out/>
  <testcase classname="demo.Groups" name="A" time="0.007"/>
  <system-out/>
</testsuite> <!-- demo.Groups -->
