<?xml version="1.0" encoding="UTF-8"?>
<!-- Generated by org.testng.reporters.JUnitReportReporter -->
<testsuite hostname="DESKTOP-9GE1TC7" failures="0" tests="2" name="demo.Annotations" time="0.011" errors="0" timestamp="2023-01-09T12:58:45 IST" skipped="0">
  <testcase classname="demo.Annotations" name="checkLogin" time="0.009"/>
  <system-out/>
  <testcase classname="demo.Annotations" name="checkSignUp" time="0.002"/>
  <system-out/>
</testsuite> <!-- demo.Annotations -->
