<?xml version="1.0" encoding="UTF-8"?>
<!-- Generated by org.testng.reporters.JUnitReportReporter -->
<testsuite hostname="DESKTOP-9GE1TC7" failures="0" tests="1" name="demo.ParametersDemo" time="0.006" errors="0" timestamp="2022-09-22T19:26:22 IST" skipped="0">
  <testcase classname="demo.ParametersDemo" name="sum" time="0.006"/>
  <system-out/>
</testsuite> <!-- demo.ParametersDemo -->
