<?xml version="1.0" encoding="UTF-8"?>
<!-- Generated by org.testng.reporters.JUnitReportReporter -->
<testsuite hostname="DESKTOP-9GE1TC7" failures="0" tests="2" name="utilities.ExcelReaderTestNG" time="0.009" errors="0" timestamp="2022-10-04T19:50:09 IST" skipped="0">
  <testcase classname="utilities.ExcelReaderTestNG" name="printData" time="0.001"/>
  <system-out/>
  <testcase classname="utilities.ExcelReaderTestNG" name="printData" time="0.008"/>
  <system-out/>
</testsuite> <!-- utilities.ExcelReaderTestNG -->
