<?xml version="1.0" encoding="UTF-8"?>
<!-- Generated by org.testng.reporters.JUnitReportReporter -->
<testsuite hostname="DESKTOP-9GE1TC7" failures="0" tests="2" name="demo.TestMethodforDP" time="0.008" errors="0" timestamp="2022-09-22T19:54:06 IST" skipped="0">
  <testcase classname="demo.TestMethodforDP" name="login" time="0.001"/>
  <system-out/>
  <testcase classname="demo.TestMethodforDP" name="login" time="0.007"/>
  <system-out/>
</testsuite> <!-- demo.TestMethodforDP -->
