<?xml version="1.0" encoding="UTF-8"?>
<!-- Generated by org.testng.reporters.JUnitReportReporter -->
<testsuite hostname="DESKTOP-9GE1TC7" failures="0" tests="1" name="testScenarios.RedbusSearchTest" time="1.589" errors="0" timestamp="2022-10-04T19:59:25 IST" skipped="0">
  <testcase classname="testScenarios.RedbusSearchTest" name="searchBuses" time="1.589"/>
  <system-out/>
</testsuite> <!-- testScenarios.RedbusSearchTest -->
