<?xml version="1.0" encoding="UTF-8"?>
<!-- Generated by org.testng.reporters.JUnitReportReporter -->
<testsuite hostname="DESKTOP-9GE1TC7" failures="0" tests="1" name="grid.Chrome" time="7.893" errors="0" timestamp="2022-07-28T19:30:59 IST" skipped="0">
  <testcase classname="grid.Chrome" name="testOne" time="7.893"/>
  <system-out/>
</testsuite> <!-- grid.Chrome -->
