<?xml version="1.0" encoding="UTF-8"?>
<!-- Generated by org.testng.reporters.JUnitReportReporter -->
<testsuite hostname="DESKTOP-9GE1TC7" failures="0" tests="1" name="Chrome" time="4.622" errors="0" timestamp="2022-07-28T18:37:54 IST" skipped="0">
  <testcase classname="Chrome" name="testOne" time="4.622"/>
  <system-out/>
</testsuite> <!-- Chrome -->
